Determining if the pthread_create exist failed with the following output:
Change Dir: /home/jnitsch/ros_hydro/pnp_ws/src/petri_net/pnp_ros/qtcreator-build/CMakeFiles/CMakeTmp

Run Build Command:/usr/bin/make "cmTryCompileExec3487844008/fast"
/usr/bin/make -f CMakeFiles/cmTryCompileExec3487844008.dir/build.make CMakeFiles/cmTryCompileExec3487844008.dir/build
make[1]: Entering directory `/home/jnitsch/ros_hydro/pnp_ws/src/petri_net/pnp_ros/qtcreator-build/CMakeFiles/CMakeTmp'
/usr/bin/cmake -E cmake_progress_report /home/jnitsch/ros_hydro/pnp_ws/src/petri_net/pnp_ros/qtcreator-build/CMakeFiles/CMakeTmp/CMakeFiles 1
Building C object CMakeFiles/cmTryCompileExec3487844008.dir/CheckSymbolExists.c.o
/usr/bin/cc    -o CMakeFiles/cmTryCompileExec3487844008.dir/CheckSymbolExists.c.o   -c /home/jnitsch/ros_hydro/pnp_ws/src/petri_net/pnp_ros/qtcreator-build/CMakeFiles/CMakeTmp/CheckSymbolExists.c
Linking C executable cmTryCompileExec3487844008
/usr/bin/cmake -E cmake_link_script CMakeFiles/cmTryCompileExec3487844008.dir/link.txt --verbose=1
/usr/bin/cc       CMakeFiles/cmTryCompileExec3487844008.dir/CheckSymbolExists.c.o  -o cmTryCompileExec3487844008 -rdynamic 
CMakeFiles/cmTryCompileExec3487844008.dir/CheckSymbolExists.c.o: In function `main':
CheckSymbolExists.c:(.text+0x16): undefined reference to `pthread_create'
collect2: ld returned 1 exit status
make[1]: *** [cmTryCompileExec3487844008] Error 1
make[1]: Leaving directory `/home/jnitsch/ros_hydro/pnp_ws/src/petri_net/pnp_ros/qtcreator-build/CMakeFiles/CMakeTmp'
make: *** [cmTryCompileExec3487844008/fast] Error 2

File /home/jnitsch/ros_hydro/pnp_ws/src/petri_net/pnp_ros/qtcreator-build/CMakeFiles/CMakeTmp/CheckSymbolExists.c:
/* */
#include <pthread.h>

int main(int argc, char** argv)
{
  (void)argv;
#ifndef pthread_create
  return ((int*)(&pthread_create))[argc];
#else
  (void)argc;
  return 0;
#endif
}

Determining if the function pthread_create exists in the pthreads failed with the following output:
Change Dir: /home/jnitsch/ros_hydro/pnp_ws/src/petri_net/pnp_ros/qtcreator-build/CMakeFiles/CMakeTmp

Run Build Command:/usr/bin/make "cmTryCompileExec2468679499/fast"
/usr/bin/make -f CMakeFiles/cmTryCompileExec2468679499.dir/build.make CMakeFiles/cmTryCompileExec2468679499.dir/build
make[1]: Entering directory `/home/jnitsch/ros_hydro/pnp_ws/src/petri_net/pnp_ros/qtcreator-build/CMakeFiles/CMakeTmp'
/usr/bin/cmake -E cmake_progress_report /home/jnitsch/ros_hydro/pnp_ws/src/petri_net/pnp_ros/qtcreator-build/CMakeFiles/CMakeTmp/CMakeFiles 1
Building C object CMakeFiles/cmTryCompileExec2468679499.dir/CheckFunctionExists.c.o
/usr/bin/cc   -DCHECK_FUNCTION_EXISTS=pthread_create   -o CMakeFiles/cmTryCompileExec2468679499.dir/CheckFunctionExists.c.o   -c /usr/share/cmake-2.8/Modules/CheckFunctionExists.c
Linking C executable cmTryCompileExec2468679499
/usr/bin/cmake -E cmake_link_script CMakeFiles/cmTryCompileExec2468679499.dir/link.txt --verbose=1
/usr/bin/cc   -DCHECK_FUNCTION_EXISTS=pthread_create    CMakeFiles/cmTryCompileExec2468679499.dir/CheckFunctionExists.c.o  -o cmTryCompileExec2468679499 -rdynamic -lpthreads 
/usr/bin/ld: cannot find -lpthreads
collect2: ld returned 1 exit status
make[1]: *** [cmTryCompileExec2468679499] Error 1
make[1]: Leaving directory `/home/jnitsch/ros_hydro/pnp_ws/src/petri_net/pnp_ros/qtcreator-build/CMakeFiles/CMakeTmp'
make: *** [cmTryCompileExec2468679499/fast] Error 2


